Determining if the pthread_create exist failed with the following output:
Change Dir: /home/hojin/drone_ws/ethz_ws/mavros_ws/build/mav_msgs/CMakeFiles/CMakeTmp

Run Build Command:"/usr/bin/make" "cmTC_e16dd/fast"
/usr/bin/make -f CMakeFiles/cmTC_e16dd.dir/build.make CMakeFiles/cmTC_e16dd.dir/build
make[1]: Entering directory '/home/hojin/drone_ws/ethz_ws/mavros_ws/build/mav_msgs/CMakeFiles/CMakeTmp'
Building C object CMakeFiles/cmTC_e16dd.dir/CheckSymbolExists.c.o
/usr/bin/cc    -o CMakeFiles/cmTC_e16dd.dir/CheckSymbolExists.c.o   -c /home/hojin/drone_ws/ethz_ws/mavros_ws/build/mav_msgs/CMakeFiles/CMakeTmp/CheckSymbolExists.c
Linking C executable cmTC_e16dd
/usr/bin/cmake -E cmake_link_script CMakeFiles/cmTC_e16dd.dir/link.txt --verbose=1
/usr/bin/cc      -rdynamic CMakeFiles/cmTC_e16dd.dir/CheckSymbolExists.c.o  -o cmTC_e16dd 
CMakeFiles/cmTC_e16dd.dir/CheckSymbolExists.c.o: In function `main':
CheckSymbolExists.c:(.text+0x1b): undefined reference to `pthread_create'
collect2: error: ld returned 1 exit status
CMakeFiles/cmTC_e16dd.dir/build.make:97: recipe for target 'cmTC_e16dd' failed
make[1]: *** [cmTC_e16dd] Error 1
make[1]: Leaving directory '/home/hojin/drone_ws/ethz_ws/mavros_ws/build/mav_msgs/CMakeFiles/CMakeTmp'
Makefile:126: recipe for target 'cmTC_e16dd/fast' failed
make: *** [cmTC_e16dd/fast] Error 2

File /home/hojin/drone_ws/ethz_ws/mavros_ws/build/mav_msgs/CMakeFiles/CMakeTmp/CheckSymbolExists.c:
/* */
#include <pthread.h>

int main(int argc, char** argv)
{
  (void)argv;
#ifndef pthread_create
  return ((int*)(&pthread_create))[argc];
#else
  (void)argc;
  return 0;
#endif
}

Determining if the function pthread_create exists in the pthreads failed with the following output:
Change Dir: /home/hojin/drone_ws/ethz_ws/mavros_ws/build/mav_msgs/CMakeFiles/CMakeTmp

Run Build Command:"/usr/bin/make" "cmTC_861a1/fast"
/usr/bin/make -f CMakeFiles/cmTC_861a1.dir/build.make CMakeFiles/cmTC_861a1.dir/build
make[1]: Entering directory '/home/hojin/drone_ws/ethz_ws/mavros_ws/build/mav_msgs/CMakeFiles/CMakeTmp'
Building C object CMakeFiles/cmTC_861a1.dir/CheckFunctionExists.c.o
/usr/bin/cc   -DCHECK_FUNCTION_EXISTS=pthread_create   -o CMakeFiles/cmTC_861a1.dir/CheckFunctionExists.c.o   -c /usr/share/cmake-3.10/Modules/CheckFunctionExists.c
Linking C executable cmTC_861a1
/usr/bin/cmake -E cmake_link_script CMakeFiles/cmTC_861a1.dir/link.txt --verbose=1
/usr/bin/cc  -DCHECK_FUNCTION_EXISTS=pthread_create    -rdynamic CMakeFiles/cmTC_861a1.dir/CheckFunctionExists.c.o  -o cmTC_861a1 -lpthreads 
/usr/bin/ld: cannot find -lpthreads
collect2: error: ld returned 1 exit status
CMakeFiles/cmTC_861a1.dir/build.make:97: recipe for target 'cmTC_861a1' failed
make[1]: *** [cmTC_861a1] Error 1
make[1]: Leaving directory '/home/hojin/drone_ws/ethz_ws/mavros_ws/build/mav_msgs/CMakeFiles/CMakeTmp'
Makefile:126: recipe for target 'cmTC_861a1/fast' failed
make: *** [cmTC_861a1/fast] Error 2


