[  0%] Built target roscpp_generate_messages_cpp
[  0%] Built target roscpp_generate_messages_py
[  0%] Built target std_msgs_generate_messages_lisp
[  0%] Built target std_msgs_generate_messages_cpp
[  0%] Built target roscpp_generate_messages_nodejs
[  0%] Built target geometry_msgs_generate_messages_cpp
[  0%] Built target geometry_msgs_generate_messages_lisp
[  0%] Built target geometry_msgs_generate_messages_eus
[  0%] Built target rosgraph_msgs_generate_messages_eus
[  0%] Built target geometry_msgs_generate_messages_nodejs
[  0%] Built target std_msgs_generate_messages_nodejs
[  0%] Built target std_msgs_generate_messages_eus
[  0%] Built target roscpp_generate_messages_lisp
[  0%] Built target geometry_msgs_generate_messages_py
[  0%] Built target rosgraph_msgs_generate_messages_py
[  0%] Built target std_msgs_generate_messages_py
[  0%] Built target rosgraph_msgs_generate_messages_lisp
[  0%] Built target roscpp_generate_messages_eus
[  0%] Built target rosgraph_msgs_generate_messages_nodejs
[  0%] Built target rosgraph_msgs_generate_messages_cpp
[  0%] Built target _mavlink_ros_generate_messages_check_deps_ServoOutput
[  0%] Built target _mavlink_ros_generate_messages_check_deps_Mavlink
[  0%] Built target _mavlink_ros_generate_messages_check_deps_AslctrlDebug
[  0%] Built target _mavlink_ros_generate_messages_check_deps_CustomSensorData
[  0%] Built target _mavlink_ros_generate_messages_check_deps_GlobalPosition
[  0%] Built target _mavlink_ros_generate_messages_check_deps_AslctrlData
[ 17%] Built target mavlink_ros_generate_messages_cpp
[ 35%] Built target mavlink_ros_generate_messages_nodejs
[ 55%] Built target mavlink_ros_generate_messages_eus
[ 76%] Built target mavlink_ros_generate_messages_py
[ 94%] Built target mavlink_ros_generate_messages_lisp
[ 94%] Built target mavlink_ros_generate_messages
[100%] Built target mavlink_ros_serial
