Symlinking /home/hojin/drone_ws/ethz_ws/mavros_ws/devel/share/roseus/ros/mavlink_ros/manifest.l
Symlinking /home/hojin/drone_ws/ethz_ws/mavros_ws/devel/share/roseus/ros/mavlink_ros/msg/ServoOutput.l
Symlinking /home/hojin/drone_ws/ethz_ws/mavros_ws/devel/share/roseus/ros/mavlink_ros/msg/CustomSensorData.l
Symlinking /home/hojin/drone_ws/ethz_ws/mavros_ws/devel/share/roseus/ros/mavlink_ros/msg/AslctrlData.l
Symlinking /home/hojin/drone_ws/ethz_ws/mavros_ws/devel/share/roseus/ros/mavlink_ros/msg/Mavlink.l
Symlinking /home/hojin/drone_ws/ethz_ws/mavros_ws/devel/share/roseus/ros/mavlink_ros/msg/GlobalPosition.l
Symlinking /home/hojin/drone_ws/ethz_ws/mavros_ws/devel/share/roseus/ros/mavlink_ros/msg/AslctrlDebug.l
Symlinking /home/hojin/drone_ws/ethz_ws/mavros_ws/devel/share/gennodejs/ros/mavlink_ros/_index.js
Symlinking /home/hojin/drone_ws/ethz_ws/mavros_ws/devel/share/gennodejs/ros/mavlink_ros/msg/ServoOutput.js
Symlinking /home/hojin/drone_ws/ethz_ws/mavros_ws/devel/share/gennodejs/ros/mavlink_ros/msg/GlobalPosition.js
Symlinking /home/hojin/drone_ws/ethz_ws/mavros_ws/devel/share/gennodejs/ros/mavlink_ros/msg/Mavlink.js
Symlinking /home/hojin/drone_ws/ethz_ws/mavros_ws/devel/share/gennodejs/ros/mavlink_ros/msg/_index.js
Symlinking /home/hojin/drone_ws/ethz_ws/mavros_ws/devel/share/gennodejs/ros/mavlink_ros/msg/AslctrlData.js
Symlinking /home/hojin/drone_ws/ethz_ws/mavros_ws/devel/share/gennodejs/ros/mavlink_ros/msg/AslctrlDebug.js
Symlinking /home/hojin/drone_ws/ethz_ws/mavros_ws/devel/share/gennodejs/ros/mavlink_ros/msg/CustomSensorData.js
Symlinking /home/hojin/drone_ws/ethz_ws/mavros_ws/devel/share/mavlink_ros/cmake/mavlink_rosConfig-version.cmake
Symlinking /home/hojin/drone_ws/ethz_ws/mavros_ws/devel/share/mavlink_ros/cmake/mavlink_rosConfig.cmake
Symlinking /home/hojin/drone_ws/ethz_ws/mavros_ws/devel/share/mavlink_ros/cmake/mavlink_ros-msg-extras.cmake
Symlinking /home/hojin/drone_ws/ethz_ws/mavros_ws/devel/share/mavlink_ros/cmake/mavlink_ros-msg-paths.cmake
Symlinking /home/hojin/drone_ws/ethz_ws/mavros_ws/devel/share/common-lisp/ros/mavlink_ros/msg/AslctrlData.lisp
Symlinking /home/hojin/drone_ws/ethz_ws/mavros_ws/devel/share/common-lisp/ros/mavlink_ros/msg/_package_Mavlink.lisp
Symlinking /home/hojin/drone_ws/ethz_ws/mavros_ws/devel/share/common-lisp/ros/mavlink_ros/msg/AslctrlDebug.lisp
Symlinking /home/hojin/drone_ws/ethz_ws/mavros_ws/devel/share/common-lisp/ros/mavlink_ros/msg/GlobalPosition.lisp
Symlinking /home/hojin/drone_ws/ethz_ws/mavros_ws/devel/share/common-lisp/ros/mavlink_ros/msg/_package_AslctrlData.lisp
Symlinking /home/hojin/drone_ws/ethz_ws/mavros_ws/devel/share/common-lisp/ros/mavlink_ros/msg/_package_GlobalPosition.lisp
Symlinking /home/hojin/drone_ws/ethz_ws/mavros_ws/devel/share/common-lisp/ros/mavlink_ros/msg/_package_ServoOutput.lisp
Symlinking /home/hojin/drone_ws/ethz_ws/mavros_ws/devel/share/common-lisp/ros/mavlink_ros/msg/Mavlink.lisp
Symlinking /home/hojin/drone_ws/ethz_ws/mavros_ws/devel/share/common-lisp/ros/mavlink_ros/msg/_package_AslctrlDebug.lisp
Symlinking /home/hojin/drone_ws/ethz_ws/mavros_ws/devel/share/common-lisp/ros/mavlink_ros/msg/ServoOutput.lisp
Symlinking /home/hojin/drone_ws/ethz_ws/mavros_ws/devel/share/common-lisp/ros/mavlink_ros/msg/_package_CustomSensorData.lisp
Symlinking /home/hojin/drone_ws/ethz_ws/mavros_ws/devel/share/common-lisp/ros/mavlink_ros/msg/CustomSensorData.lisp
Symlinking /home/hojin/drone_ws/ethz_ws/mavros_ws/devel/share/common-lisp/ros/mavlink_ros/msg/mavlink_ros-msg.asd
Symlinking /home/hojin/drone_ws/ethz_ws/mavros_ws/devel/share/common-lisp/ros/mavlink_ros/msg/_package.lisp
Symlinking /home/hojin/drone_ws/ethz_ws/mavros_ws/devel/include/mavlink_ros/ServoOutput.h
Symlinking /home/hojin/drone_ws/ethz_ws/mavros_ws/devel/include/mavlink_ros/AslctrlDebug.h
Symlinking /home/hojin/drone_ws/ethz_ws/mavros_ws/devel/include/mavlink_ros/Mavlink.h
Symlinking /home/hojin/drone_ws/ethz_ws/mavros_ws/devel/include/mavlink_ros/GlobalPosition.h
Symlinking /home/hojin/drone_ws/ethz_ws/mavros_ws/devel/include/mavlink_ros/AslctrlData.h
Symlinking /home/hojin/drone_ws/ethz_ws/mavros_ws/devel/include/mavlink_ros/CustomSensorData.h
Symlinking /home/hojin/drone_ws/ethz_ws/mavros_ws/devel/lib/python2.7/dist-packages/mavlink_ros/__init__.py
Symlinking /home/hojin/drone_ws/ethz_ws/mavros_ws/devel/lib/python2.7/dist-packages/mavlink_ros/msg/_GlobalPosition.py
Symlinking /home/hojin/drone_ws/ethz_ws/mavros_ws/devel/lib/python2.7/dist-packages/mavlink_ros/msg/_ServoOutput.py
Symlinking /home/hojin/drone_ws/ethz_ws/mavros_ws/devel/lib/python2.7/dist-packages/mavlink_ros/msg/__init__.py
Symlinking /home/hojin/drone_ws/ethz_ws/mavros_ws/devel/lib/python2.7/dist-packages/mavlink_ros/msg/_CustomSensorData.py
Symlinking /home/hojin/drone_ws/ethz_ws/mavros_ws/devel/lib/python2.7/dist-packages/mavlink_ros/msg/_AslctrlDebug.py
Symlinking /home/hojin/drone_ws/ethz_ws/mavros_ws/devel/lib/python2.7/dist-packages/mavlink_ros/msg/_Mavlink.py
Symlinking /home/hojin/drone_ws/ethz_ws/mavros_ws/devel/lib/python2.7/dist-packages/mavlink_ros/msg/_AslctrlData.py
Symlinking /home/hojin/drone_ws/ethz_ws/mavros_ws/devel/lib/mavlink_ros/mavlink_ros_serial
Symlinking /home/hojin/drone_ws/ethz_ws/mavros_ws/devel/lib/pkgconfig/mavlink_ros.pc
