Linked: (/home/hojin/drone_ws/ethz_ws/mavros_ws/devel/.private/mavlink_ros/share/roseus/ros/mavlink_ros/manifest.l, /home/hojin/drone_ws/ethz_ws/mavros_ws/devel/share/roseus/ros/mavlink_ros/manifest.l)
Linked: (/home/hojin/drone_ws/ethz_ws/mavros_ws/devel/.private/mavlink_ros/share/roseus/ros/mavlink_ros/msg/ServoOutput.l, /home/hojin/drone_ws/ethz_ws/mavros_ws/devel/share/roseus/ros/mavlink_ros/msg/ServoOutput.l)
Linked: (/home/hojin/drone_ws/ethz_ws/mavros_ws/devel/.private/mavlink_ros/share/roseus/ros/mavlink_ros/msg/CustomSensorData.l, /home/hojin/drone_ws/ethz_ws/mavros_ws/devel/share/roseus/ros/mavlink_ros/msg/CustomSensorData.l)
Linked: (/home/hojin/drone_ws/ethz_ws/mavros_ws/devel/.private/mavlink_ros/share/roseus/ros/mavlink_ros/msg/AslctrlData.l, /home/hojin/drone_ws/ethz_ws/mavros_ws/devel/share/roseus/ros/mavlink_ros/msg/AslctrlData.l)
Linked: (/home/hojin/drone_ws/ethz_ws/mavros_ws/devel/.private/mavlink_ros/share/roseus/ros/mavlink_ros/msg/Mavlink.l, /home/hojin/drone_ws/ethz_ws/mavros_ws/devel/share/roseus/ros/mavlink_ros/msg/Mavlink.l)
Linked: (/home/hojin/drone_ws/ethz_ws/mavros_ws/devel/.private/mavlink_ros/share/roseus/ros/mavlink_ros/msg/GlobalPosition.l, /home/hojin/drone_ws/ethz_ws/mavros_ws/devel/share/roseus/ros/mavlink_ros/msg/GlobalPosition.l)
Linked: (/home/hojin/drone_ws/ethz_ws/mavros_ws/devel/.private/mavlink_ros/share/roseus/ros/mavlink_ros/msg/AslctrlDebug.l, /home/hojin/drone_ws/ethz_ws/mavros_ws/devel/share/roseus/ros/mavlink_ros/msg/AslctrlDebug.l)
Linked: (/home/hojin/drone_ws/ethz_ws/mavros_ws/devel/.private/mavlink_ros/share/gennodejs/ros/mavlink_ros/_index.js, /home/hojin/drone_ws/ethz_ws/mavros_ws/devel/share/gennodejs/ros/mavlink_ros/_index.js)
Linked: (/home/hojin/drone_ws/ethz_ws/mavros_ws/devel/.private/mavlink_ros/share/gennodejs/ros/mavlink_ros/msg/ServoOutput.js, /home/hojin/drone_ws/ethz_ws/mavros_ws/devel/share/gennodejs/ros/mavlink_ros/msg/ServoOutput.js)
Linked: (/home/hojin/drone_ws/ethz_ws/mavros_ws/devel/.private/mavlink_ros/share/gennodejs/ros/mavlink_ros/msg/GlobalPosition.js, /home/hojin/drone_ws/ethz_ws/mavros_ws/devel/share/gennodejs/ros/mavlink_ros/msg/GlobalPosition.js)
Linked: (/home/hojin/drone_ws/ethz_ws/mavros_ws/devel/.private/mavlink_ros/share/gennodejs/ros/mavlink_ros/msg/Mavlink.js, /home/hojin/drone_ws/ethz_ws/mavros_ws/devel/share/gennodejs/ros/mavlink_ros/msg/Mavlink.js)
Linked: (/home/hojin/drone_ws/ethz_ws/mavros_ws/devel/.private/mavlink_ros/share/gennodejs/ros/mavlink_ros/msg/_index.js, /home/hojin/drone_ws/ethz_ws/mavros_ws/devel/share/gennodejs/ros/mavlink_ros/msg/_index.js)
Linked: (/home/hojin/drone_ws/ethz_ws/mavros_ws/devel/.private/mavlink_ros/share/gennodejs/ros/mavlink_ros/msg/AslctrlData.js, /home/hojin/drone_ws/ethz_ws/mavros_ws/devel/share/gennodejs/ros/mavlink_ros/msg/AslctrlData.js)
Linked: (/home/hojin/drone_ws/ethz_ws/mavros_ws/devel/.private/mavlink_ros/share/gennodejs/ros/mavlink_ros/msg/AslctrlDebug.js, /home/hojin/drone_ws/ethz_ws/mavros_ws/devel/share/gennodejs/ros/mavlink_ros/msg/AslctrlDebug.js)
Linked: (/home/hojin/drone_ws/ethz_ws/mavros_ws/devel/.private/mavlink_ros/share/gennodejs/ros/mavlink_ros/msg/CustomSensorData.js, /home/hojin/drone_ws/ethz_ws/mavros_ws/devel/share/gennodejs/ros/mavlink_ros/msg/CustomSensorData.js)
Linked: (/home/hojin/drone_ws/ethz_ws/mavros_ws/devel/.private/mavlink_ros/share/mavlink_ros/cmake/mavlink_rosConfig-version.cmake, /home/hojin/drone_ws/ethz_ws/mavros_ws/devel/share/mavlink_ros/cmake/mavlink_rosConfig-version.cmake)
Linked: (/home/hojin/drone_ws/ethz_ws/mavros_ws/devel/.private/mavlink_ros/share/mavlink_ros/cmake/mavlink_rosConfig.cmake, /home/hojin/drone_ws/ethz_ws/mavros_ws/devel/share/mavlink_ros/cmake/mavlink_rosConfig.cmake)
Linked: (/home/hojin/drone_ws/ethz_ws/mavros_ws/devel/.private/mavlink_ros/share/mavlink_ros/cmake/mavlink_ros-msg-extras.cmake, /home/hojin/drone_ws/ethz_ws/mavros_ws/devel/share/mavlink_ros/cmake/mavlink_ros-msg-extras.cmake)
Linked: (/home/hojin/drone_ws/ethz_ws/mavros_ws/devel/.private/mavlink_ros/share/mavlink_ros/cmake/mavlink_ros-msg-paths.cmake, /home/hojin/drone_ws/ethz_ws/mavros_ws/devel/share/mavlink_ros/cmake/mavlink_ros-msg-paths.cmake)
Linked: (/home/hojin/drone_ws/ethz_ws/mavros_ws/devel/.private/mavlink_ros/share/common-lisp/ros/mavlink_ros/msg/AslctrlData.lisp, /home/hojin/drone_ws/ethz_ws/mavros_ws/devel/share/common-lisp/ros/mavlink_ros/msg/AslctrlData.lisp)
Linked: (/home/hojin/drone_ws/ethz_ws/mavros_ws/devel/.private/mavlink_ros/share/common-lisp/ros/mavlink_ros/msg/_package_Mavlink.lisp, /home/hojin/drone_ws/ethz_ws/mavros_ws/devel/share/common-lisp/ros/mavlink_ros/msg/_package_Mavlink.lisp)
Linked: (/home/hojin/drone_ws/ethz_ws/mavros_ws/devel/.private/mavlink_ros/share/common-lisp/ros/mavlink_ros/msg/AslctrlDebug.lisp, /home/hojin/drone_ws/ethz_ws/mavros_ws/devel/share/common-lisp/ros/mavlink_ros/msg/AslctrlDebug.lisp)
Linked: (/home/hojin/drone_ws/ethz_ws/mavros_ws/devel/.private/mavlink_ros/share/common-lisp/ros/mavlink_ros/msg/GlobalPosition.lisp, /home/hojin/drone_ws/ethz_ws/mavros_ws/devel/share/common-lisp/ros/mavlink_ros/msg/GlobalPosition.lisp)
Linked: (/home/hojin/drone_ws/ethz_ws/mavros_ws/devel/.private/mavlink_ros/share/common-lisp/ros/mavlink_ros/msg/_package_AslctrlData.lisp, /home/hojin/drone_ws/ethz_ws/mavros_ws/devel/share/common-lisp/ros/mavlink_ros/msg/_package_AslctrlData.lisp)
Linked: (/home/hojin/drone_ws/ethz_ws/mavros_ws/devel/.private/mavlink_ros/share/common-lisp/ros/mavlink_ros/msg/_package_GlobalPosition.lisp, /home/hojin/drone_ws/ethz_ws/mavros_ws/devel/share/common-lisp/ros/mavlink_ros/msg/_package_GlobalPosition.lisp)
Linked: (/home/hojin/drone_ws/ethz_ws/mavros_ws/devel/.private/mavlink_ros/share/common-lisp/ros/mavlink_ros/msg/_package_ServoOutput.lisp, /home/hojin/drone_ws/ethz_ws/mavros_ws/devel/share/common-lisp/ros/mavlink_ros/msg/_package_ServoOutput.lisp)
Linked: (/home/hojin/drone_ws/ethz_ws/mavros_ws/devel/.private/mavlink_ros/share/common-lisp/ros/mavlink_ros/msg/Mavlink.lisp, /home/hojin/drone_ws/ethz_ws/mavros_ws/devel/share/common-lisp/ros/mavlink_ros/msg/Mavlink.lisp)
Linked: (/home/hojin/drone_ws/ethz_ws/mavros_ws/devel/.private/mavlink_ros/share/common-lisp/ros/mavlink_ros/msg/_package_AslctrlDebug.lisp, /home/hojin/drone_ws/ethz_ws/mavros_ws/devel/share/common-lisp/ros/mavlink_ros/msg/_package_AslctrlDebug.lisp)
Linked: (/home/hojin/drone_ws/ethz_ws/mavros_ws/devel/.private/mavlink_ros/share/common-lisp/ros/mavlink_ros/msg/ServoOutput.lisp, /home/hojin/drone_ws/ethz_ws/mavros_ws/devel/share/common-lisp/ros/mavlink_ros/msg/ServoOutput.lisp)
Linked: (/home/hojin/drone_ws/ethz_ws/mavros_ws/devel/.private/mavlink_ros/share/common-lisp/ros/mavlink_ros/msg/_package_CustomSensorData.lisp, /home/hojin/drone_ws/ethz_ws/mavros_ws/devel/share/common-lisp/ros/mavlink_ros/msg/_package_CustomSensorData.lisp)
Linked: (/home/hojin/drone_ws/ethz_ws/mavros_ws/devel/.private/mavlink_ros/share/common-lisp/ros/mavlink_ros/msg/CustomSensorData.lisp, /home/hojin/drone_ws/ethz_ws/mavros_ws/devel/share/common-lisp/ros/mavlink_ros/msg/CustomSensorData.lisp)
Linked: (/home/hojin/drone_ws/ethz_ws/mavros_ws/devel/.private/mavlink_ros/share/common-lisp/ros/mavlink_ros/msg/mavlink_ros-msg.asd, /home/hojin/drone_ws/ethz_ws/mavros_ws/devel/share/common-lisp/ros/mavlink_ros/msg/mavlink_ros-msg.asd)
Linked: (/home/hojin/drone_ws/ethz_ws/mavros_ws/devel/.private/mavlink_ros/share/common-lisp/ros/mavlink_ros/msg/_package.lisp, /home/hojin/drone_ws/ethz_ws/mavros_ws/devel/share/common-lisp/ros/mavlink_ros/msg/_package.lisp)
Linked: (/home/hojin/drone_ws/ethz_ws/mavros_ws/devel/.private/mavlink_ros/include/mavlink_ros/ServoOutput.h, /home/hojin/drone_ws/ethz_ws/mavros_ws/devel/include/mavlink_ros/ServoOutput.h)
Linked: (/home/hojin/drone_ws/ethz_ws/mavros_ws/devel/.private/mavlink_ros/include/mavlink_ros/AslctrlDebug.h, /home/hojin/drone_ws/ethz_ws/mavros_ws/devel/include/mavlink_ros/AslctrlDebug.h)
Linked: (/home/hojin/drone_ws/ethz_ws/mavros_ws/devel/.private/mavlink_ros/include/mavlink_ros/Mavlink.h, /home/hojin/drone_ws/ethz_ws/mavros_ws/devel/include/mavlink_ros/Mavlink.h)
Linked: (/home/hojin/drone_ws/ethz_ws/mavros_ws/devel/.private/mavlink_ros/include/mavlink_ros/GlobalPosition.h, /home/hojin/drone_ws/ethz_ws/mavros_ws/devel/include/mavlink_ros/GlobalPosition.h)
Linked: (/home/hojin/drone_ws/ethz_ws/mavros_ws/devel/.private/mavlink_ros/include/mavlink_ros/AslctrlData.h, /home/hojin/drone_ws/ethz_ws/mavros_ws/devel/include/mavlink_ros/AslctrlData.h)
Linked: (/home/hojin/drone_ws/ethz_ws/mavros_ws/devel/.private/mavlink_ros/include/mavlink_ros/CustomSensorData.h, /home/hojin/drone_ws/ethz_ws/mavros_ws/devel/include/mavlink_ros/CustomSensorData.h)
Linked: (/home/hojin/drone_ws/ethz_ws/mavros_ws/devel/.private/mavlink_ros/lib/python2.7/dist-packages/mavlink_ros/__init__.py, /home/hojin/drone_ws/ethz_ws/mavros_ws/devel/lib/python2.7/dist-packages/mavlink_ros/__init__.py)
Linked: (/home/hojin/drone_ws/ethz_ws/mavros_ws/devel/.private/mavlink_ros/lib/python2.7/dist-packages/mavlink_ros/msg/_GlobalPosition.py, /home/hojin/drone_ws/ethz_ws/mavros_ws/devel/lib/python2.7/dist-packages/mavlink_ros/msg/_GlobalPosition.py)
Linked: (/home/hojin/drone_ws/ethz_ws/mavros_ws/devel/.private/mavlink_ros/lib/python2.7/dist-packages/mavlink_ros/msg/_ServoOutput.py, /home/hojin/drone_ws/ethz_ws/mavros_ws/devel/lib/python2.7/dist-packages/mavlink_ros/msg/_ServoOutput.py)
Linked: (/home/hojin/drone_ws/ethz_ws/mavros_ws/devel/.private/mavlink_ros/lib/python2.7/dist-packages/mavlink_ros/msg/__init__.py, /home/hojin/drone_ws/ethz_ws/mavros_ws/devel/lib/python2.7/dist-packages/mavlink_ros/msg/__init__.py)
Linked: (/home/hojin/drone_ws/ethz_ws/mavros_ws/devel/.private/mavlink_ros/lib/python2.7/dist-packages/mavlink_ros/msg/_CustomSensorData.py, /home/hojin/drone_ws/ethz_ws/mavros_ws/devel/lib/python2.7/dist-packages/mavlink_ros/msg/_CustomSensorData.py)
Linked: (/home/hojin/drone_ws/ethz_ws/mavros_ws/devel/.private/mavlink_ros/lib/python2.7/dist-packages/mavlink_ros/msg/_AslctrlDebug.py, /home/hojin/drone_ws/ethz_ws/mavros_ws/devel/lib/python2.7/dist-packages/mavlink_ros/msg/_AslctrlDebug.py)
Linked: (/home/hojin/drone_ws/ethz_ws/mavros_ws/devel/.private/mavlink_ros/lib/python2.7/dist-packages/mavlink_ros/msg/_Mavlink.py, /home/hojin/drone_ws/ethz_ws/mavros_ws/devel/lib/python2.7/dist-packages/mavlink_ros/msg/_Mavlink.py)
Linked: (/home/hojin/drone_ws/ethz_ws/mavros_ws/devel/.private/mavlink_ros/lib/python2.7/dist-packages/mavlink_ros/msg/_AslctrlData.py, /home/hojin/drone_ws/ethz_ws/mavros_ws/devel/lib/python2.7/dist-packages/mavlink_ros/msg/_AslctrlData.py)
Linked: (/home/hojin/drone_ws/ethz_ws/mavros_ws/devel/.private/mavlink_ros/lib/mavlink_ros/mavlink_ros_serial, /home/hojin/drone_ws/ethz_ws/mavros_ws/devel/lib/mavlink_ros/mavlink_ros_serial)
Linked: (/home/hojin/drone_ws/ethz_ws/mavros_ws/devel/.private/mavlink_ros/lib/pkgconfig/mavlink_ros.pc, /home/hojin/drone_ws/ethz_ws/mavros_ws/devel/lib/pkgconfig/mavlink_ros.pc)
