[35m[1mScanning dependencies of target mavros_extras[0m
[35m[1mScanning dependencies of target gcs_image_bridge[0m
[35m[1mScanning dependencies of target copter_visualization[0m
[35m[1mScanning dependencies of target servo_state_publisher[0m
[  6%] [32mBuilding CXX object CMakeFiles/copter_visualization.dir/src/copter_visualization.cpp.o[0m
[ 13%] [32mBuilding CXX object CMakeFiles/servo_state_publisher.dir/src/servo_state_publisher.cpp.o[0m
[ 20%] [32mBuilding CXX object CMakeFiles/gcs_image_bridge.dir/src/gcs_image_bridge.cpp.o[0m
[ 26%] [32mBuilding CXX object CMakeFiles/mavros_extras.dir/src/plugins/distance_sensor.cpp.o[0m
[ 33%] [32mBuilding CXX object CMakeFiles/mavros_extras.dir/src/plugins/px4flow.cpp.o[0m
[ 46%] [32mBuilding CXX object CMakeFiles/mavros_extras.dir/src/plugins/vibration.cpp.o[0m
[ 46%] [32mBuilding CXX object CMakeFiles/mavros_extras.dir/src/plugins/image_pub.cpp.o[0m
[ 53%] [32mBuilding CXX object CMakeFiles/mavros_extras.dir/src/plugins/mocap_pose_estimate.cpp.o[0m
[ 60%] [32mBuilding CXX object CMakeFiles/mavros_extras.dir/src/plugins/vision_pose_estimate.cpp.o[0m
[ 66%] [32mBuilding CXX object CMakeFiles/mavros_extras.dir/src/plugins/vision_speed_estimate.cpp.o[0m
[ 73%] [32mBuilding CXX object CMakeFiles/mavros_extras.dir/src/plugins/cam_imu_sync.cpp.o[0m
[ 80%] [32m[1mLinking CXX executable /home/hojin/drone_ws/ethz_ws/mavros_ws/devel/.private/mavros_extras/lib/mavros_extras/servo_state_publisher[0m
[ 80%] Built target servo_state_publisher
[ 86%] [32m[1mLinking CXX executable /home/hojin/drone_ws/ethz_ws/mavros_ws/devel/.private/mavros_extras/lib/mavros_extras/copter_visualization[0m
[ 86%] Built target copter_visualization
[ 93%] [32m[1mLinking CXX executable /home/hojin/drone_ws/ethz_ws/mavros_ws/devel/.private/mavros_extras/lib/mavros_extras/gcs_image_bridge[0m
[100%] [32m[1mLinking CXX shared library /home/hojin/drone_ws/ethz_ws/mavros_ws/devel/.private/mavros_extras/lib/libmavros_extras.so[0m
[100%] Built target gcs_image_bridge
[100%] Built target mavros_extras
